C:\Users\Laura\source\repos\Web-dev\w4\ybmvyemqokb.angular\dist\out-tsc\environments\environment.js
C:\Users\Laura\source\repos\Web-dev\w4\ybmvyemqokb.angular\dist\out-tsc\environments\environment.js.map
C:\Users\Laura\source\repos\Web-dev\w4\ybmvyemqokb.angular\dist\out-tsc\app\app.component.js
C:\Users\Laura\source\repos\Web-dev\w4\ybmvyemqokb.angular\dist\out-tsc\app\app.component.js.map
C:\Users\Laura\source\repos\Web-dev\w4\ybmvyemqokb.angular\dist\out-tsc\app\top-bar\top-bar.component.js
C:\Users\Laura\source\repos\Web-dev\w4\ybmvyemqokb.angular\dist\out-tsc\app\top-bar\top-bar.component.js.map
C:\Users\Laura\source\repos\Web-dev\w4\ybmvyemqokb.angular\dist\out-tsc\app\products.js
C:\Users\Laura\source\repos\Web-dev\w4\ybmvyemqokb.angular\dist\out-tsc\app\products.js.map
C:\Users\Laura\source\repos\Web-dev\w4\ybmvyemqokb.angular\dist\out-tsc\app\product-list\product-list.component.js
C:\Users\Laura\source\repos\Web-dev\w4\ybmvyemqokb.angular\dist\out-tsc\app\product-list\product-list.component.js.map
C:\Users\Laura\source\repos\Web-dev\w4\ybmvyemqokb.angular\dist\out-tsc\app\app.module.js
C:\Users\Laura\source\repos\Web-dev\w4\ybmvyemqokb.angular\dist\out-tsc\app\app.module.js.map
C:\Users\Laura\source\repos\Web-dev\w4\ybmvyemqokb.angular\dist\out-tsc\main.js
C:\Users\Laura\source\repos\Web-dev\w4\ybmvyemqokb.angular\dist\out-tsc\main.js.map
C:\Users\Laura\source\repos\Web-dev\w4\ybmvyemqokb.angular\dist\out-tsc\polyfills.js
C:\Users\Laura\source\repos\Web-dev\w4\ybmvyemqokb.angular\dist\out-tsc\polyfills.js.map
C:\Users\Laura\source\repos\Web-dev\w4\ybmvyemqokb.angular\dist\out-tsc\environments\environment.prod.js
C:\Users\Laura\source\repos\Web-dev\w4\ybmvyemqokb.angular\dist\out-tsc\environments\environment.prod.js.map
C:\Users\Laura\source\repos\Web-dev\w4\ybmvyemqokb.angular\dist\out-tsc\app\product-alerts\product-alerts.component.js
C:\Users\Laura\source\repos\Web-dev\w4\ybmvyemqokb.angular\dist\out-tsc\app\product-alerts\product-alerts.component.js.map
